-------------------------------------------------------------------------------
Test set: com.chen.registercenter.EurekaCenterApplicationTests
-------------------------------------------------------------------------------
Tests run: 1, Failures: 0, Errors: 1, Skipped: 0, Time elapsed: 2.632 s <<< FAILURE! - in com.chen.registercenter.EurekaCenterApplicationTests
initializationError(com.chen.registercenter.EurekaCenterApplicationTests)  Time elapsed: 0.001 s  <<< ERROR!
java.lang.IllegalStateException: Unable to find a @SpringBootConfiguration, you need to use @ContextConfiguration or @SpringBootTest(classes=...) with your test

